<?xml version="1.0" encoding="UTF-8"?>
<testng-results ignored="0" total="1" passed="1" failed="0" skipped="0">
  <reporter-output>
  </reporter-output>
  <suite started-at="2021-07-17T05:18:18Z" name="Suite" finished-at="2021-07-17T05:18:19Z" duration-ms="93">
    <groups>
    </groups>
    <test started-at="2021-07-17T05:18:18Z" name="Test" finished-at="2021-07-17T05:18:19Z" duration-ms="93">
      <class name="jenkin.NewTest">
        <test-method is-config="true" signature="f()[pri:0, instance:jenkin.NewTest@40317ba2]" started-at="2021-07-17T05:18:04Z" name="f" finished-at="2021-07-17T05:18:18Z" duration-ms="14682" status="PASS">
          <reporter-output>
          </reporter-output>
        </test-method> <!-- f -->
        <test-method signature="main()[pri:0, instance:jenkin.NewTest@40317ba2]" started-at="2021-07-17T05:18:19Z" name="main" finished-at="2021-07-17T05:18:19Z" duration-ms="29" status="PASS">
          <reporter-output>
          </reporter-output>
        </test-method> <!-- main -->
        <test-method is-config="true" signature="g()[pri:0, instance:jenkin.NewTest@40317ba2]" started-at="2021-07-17T05:18:19Z" name="g" finished-at="2021-07-17T05:18:19Z" duration-ms="234" status="PASS">
          <reporter-output>
          </reporter-output>
        </test-method> <!-- g -->
      </class> <!-- jenkin.NewTest -->
    </test> <!-- Test -->
  </suite> <!-- Suite -->
</testng-results>
